<?xml version="1.0" encoding="utf-8"?><testsuites name="pytest tests"><testsuite name="pytest" errors="0" failures="0" skipped="4" tests="17" time="26.074" timestamp="2026-09-10T10:15:37.104520+08:00" hostname="LuoShilun"><testcase classname="member_lsl.test_detection_api" name="test_models_list_ok" time="0.183" /><testcase classname="member_lsl.test_detection_api" name="test_detection_requires_token" time="0.066" /><testcase classname="member_lsl.test_detection_api" name="test_detect_image_without_file" time="0.021" /><testcase classname="member_lsl.test_detection_api" name="test_detect_image_empty_filename" time="0.093" /><testcase classname="member_lsl.test_detection_api" name="test_detect_image_not_an_image" time="0.059" /><testcase classname="member_lsl.test_detection_api" name="test_detect_image_truncated_jpeg" time="0.051" /><testcase classname="member_lsl.test_detection_api" name="test_detect_image_success_and_persist" time="0.316" /><testcase classname="member_lsl.test_detection_api" name="test_detect_image_record_consistency" time="0.187" /><testcase classname="member_lsl.test_detection_api" name="test_score_thresh_boundary" time="0.967" /><testcase classname="member_lsl.test_detection_api" name="test_invalid_model_key_rejected" time="2.126"><skipped type="pytest.xfail" message="BUG-04：非法 model_key 被静默降级，未返回错误" /></testcase><testcase classname="member_lsl.test_detection_api" name="test_chinese_filename_kept" time="0.080"><skipped type="pytest.xfail" message="BUG-05：中文文件名被 secure_filename 破坏，落盘名丢失原名与扩展名" /></testcase><testcase classname="member_lsl.test_detection_api" name="test_admin_invalid_robot_id" time="0.208"><skipped type="pytest.xfail" message="BUG-01：robot_id 非整数导致未捕获异常，返回 500 调试页" /></testcase><testcase classname="member_lsl.test_detection_api" name="test_detection_history_isolation" time="0.295" /><testcase classname="member_lsl.test_detection_api" name="test_video_task_full_flow" time="6.483" /><testcase classname="member_lsl.test_detection_api" name="test_video_task_cross_user_denied" time="0.120" /><testcase classname="member_lsl.test_detection_api" name="test_realtime_session_lifecycle" time="3.099" /><testcase classname="member_lsl.test_detection_ui" name="test_model_select_default_value" time="10.670"><skipped type="pytest.xfail" message="BUG-06：默认 model_key 为 mock-default，不在选项列表中，下拉框显示为空" /></testcase></testsuite></testsuites>