<?xml version="1.0" encoding="utf-8"?><testsuites><testsuite name="pytest" errors="1" failures="0" skipped="0" tests="1" time="1.855" timestamp="2026-09-11T08:35:53.538597" hostname="LAPTOP-SGJNL0UC"><testcase classname="" name="member_lsl.test_detection" time="0.000"><error message="collection failure">ImportError while importing test module 'C:\Users\Lenovo\Desktop\test\st1\course-ST-project\module1\member_lsl\test_detection.py'.
Hint: make sure your test modules/packages have valid Python names.
Traceback:
D:\anaconda3\Lib\importlib\__init__.py:90: in import_module
    return _bootstrap._gcd_import(name[level:], package, level)
member_lsl\test_detection.py:12: in &lt;module&gt;
    from selenium.webdriver.common.by import By
E   ModuleNotFoundError: No module named 'selenium'</error></testcase></testsuite></testsuites>