============================= test session starts =============================
platform win32 -- Python 3.12.3, pytest-9.1.1, pluggy-1.6.0
rootdir: E:\MyProjectWorkSpace\underwater_project\web_system\web_system\testing
configfile: pytest.ini
testpaths: member_lsl, member_xyf
plugins: anyio-4.2.0, langsmith-0.7.30, asyncio-1.4.0, cov-7.1.0
asyncio: mode=Mode.STRICT, debug=False, asyncio_default_fixture_loop_scope=None, asyncio_default_test_loop_scope=function
collected 39 items

member_lsl\test_detection.py ......xxx....x...                           [ 43%]
member_xyf\test_records.py ..............F.....FF                        [100%]

================================== FAILURES ===================================
_____________________________ test_updating_none ______________________________

    @pytest.mark.unit
    @pytest.mark.case("TC-REC-15")
    def test_updating_none():
        data = {
        }
        creating = False
>       with pytest.raises(ValueError, match="����ʱ����data����Ϊ��"):
E       Failed: DID NOT RAISE ValueError

member_xyf\test_records.py:266: Failed
____________________ test_create_record_missing_confidence ____________________

    @pytest.mark.unit
    @pytest.mark.case("TC-REC-18-2")
    def test_create_record_missing_confidence():
    
        data = {"detected_type": "trash", "is_trash": True}
>       with pytest.raises(ValueError) as exc_info:
E       Failed: DID NOT RAISE ValueError

member_xyf\test_records.py:326: Failed
_____________________ test_create_record_missing_is_trash _____________________

    @pytest.mark.unit
    @pytest.mark.case("TC-REC-18-3")
    def test_create_record_missing_is_trash():
    
        data = {"detected_type": "trash", "confidence": 0.5}
>       with pytest.raises(ValueError) as exc_info:
E       Failed: DID NOT RAISE ValueError

member_xyf\test_records.py:335: Failed
- generated xml file: E:\MyProjectWorkSpace\underwater_project\web_system\web_system\testing\reports\junit.xml -
=========================== short test summary info ===========================
XFAIL member_lsl/test_detection.py::test_invalid_model_key_rejected - BUG-02���Ƿ� model_key ����Ĭ������δ���ش���
XFAIL member_lsl/test_detection.py::test_chinese_filename_kept - BUG-03�������ļ����� secure_filename �ƻ�����������ʧԭ������չ��
XFAIL member_lsl/test_detection.py::test_admin_invalid_robot_id - BUG-01��robot_id ����������δ�����쳣������ 500 ����ҳ
XFAIL member_lsl/test_detection.py::test_model_select_default_value - BUG-04��Ĭ�� model_key Ϊ mock-default������ѡ���б��У���������ʾΪ��
FAILED member_xyf/test_records.py::test_updating_none - Failed: DID NOT RAISE...
FAILED member_xyf/test_records.py::test_create_record_missing_confidence - Fa...
FAILED member_xyf/test_records.py::test_create_record_missing_is_trash - Fail...
================== 3 failed, 32 passed, 4 xfailed in 33.21s ===================
