<?xml version="1.0" encoding="utf-8"?><testsuites name="pytest tests"><testsuite name="pytest" errors="0" failures="0" skipped="0" tests="15" time="1.068" timestamp="2026-09-11T10:38:55.514730+08:00" hostname="LAPTOP-SGJNL0UC"><testcase classname="member_xyf.test_records" name="test_detected_type_rejects_non_string" time="0.981" /><testcase classname="member_xyf.test_records" name="test_detected_type_rejects_blank_only" time="0.001" /><testcase classname="member_xyf.test_records" name="test_detected_type_is_stripped" time="0.001" /><testcase classname="member_xyf.test_records" name="test_detected_type_length_upper_bound" time="0.001" /><testcase classname="member_xyf.test_records" name="test_detected_type_length_lower_bound" time="0.001" /><testcase classname="member_xyf.test_records" name="test_detected_type_non_ascii" time="0.001" /><testcase classname="member_xyf.test_records" name="test_confidence_accepts_numeric_string" time="0.001" /><testcase classname="member_xyf.test_records" name="test_confidence_rejects_non_numeric_string" time="0.001" /><testcase classname="member_xyf.test_records" name="test_confidence_int_ok_but_bool_rejected" time="0.001" /><testcase classname="member_xyf.test_records" name="test_confidence_rejects_out_of_range" time="0.001" /><testcase classname="member_xyf.test_records" name="test_confidence_return_type_is_float" time="0.001" /><testcase classname="member_xyf.test_records" name="test_is_trash_rejects_non_bool" time="0.001" /><testcase classname="member_xyf.test_records" name="test_is_trash_accepts_bool" time="0.001" /><testcase classname="member_xyf.test_records" name="test_update_mode_validates_given_fields" time="0.001" /><testcase classname="member_xyf.test_records" name="test_update_mode_returns_only_given_fields" time="0.001" /></testsuite></testsuites>